01/18/2022 09:51:35 PM: INFO: *****************Test_001_Login***********
01/18/2022 09:51:35 PM: INFO: *****************Verifying Homepage Title--Anas***********
01/18/2022 09:51:39 PM: INFO: *****************Verifying Homepage Title Passed--Anas***********
01/18/2022 09:51:43 PM: INFO: *****************Verifying Homepage Title Fail--Anas***********
01/19/2022 03:07:33 PM: INFO: *****************Test_001_Login***********
01/19/2022 03:07:33 PM: INFO: *****************Verifying Homepage Title--Anas***********
01/20/2022 09:50:51 AM: INFO: *************** Test_001_Login *****************
01/20/2022 09:50:51 AM: INFO: ****Started Home page title test ****
01/20/2022 09:50:51 AM: INFO: ****Opening URL****
01/20/2022 09:51:55 AM: INFO: *************** Test_001_Login *****************
01/20/2022 09:51:55 AM: INFO: ****Started Home page title test ****
01/20/2022 09:51:55 AM: INFO: ****Opening URL****
01/20/2022 10:02:02 AM: INFO: *************** Test_001_Login *****************
01/20/2022 10:02:02 AM: INFO: ****Started Home page title test ****
01/20/2022 10:02:02 AM: INFO: ****Opening URL****
01/20/2022 10:07:29 AM: INFO: *************** Test_001_Login *****************
01/20/2022 10:07:29 AM: INFO: ****Started Home page title test ****
01/20/2022 10:07:29 AM: INFO: ****Opening URL****
01/20/2022 10:07:33 AM: INFO: ****Started Login Test****
01/20/2022 10:13:32 AM: INFO: *************** Test_001_Login *****************
01/20/2022 10:13:32 AM: INFO: ****Started Home page title test ****
01/20/2022 10:13:32 AM: INFO: ****Opening URL****
01/20/2022 10:13:35 AM: INFO: ****Started Login Test****
01/20/2022 10:18:09 AM: INFO: *************** Test_001_Login *****************
01/20/2022 10:18:09 AM: INFO: ****Started Home page title test ****
01/20/2022 10:18:09 AM: INFO: ****Opening URL****
01/20/2022 10:18:12 AM: INFO: ****Started Login Test****
01/20/2022 10:19:57 AM: INFO: *************** Test_001_Login *****************
01/20/2022 10:19:57 AM: INFO: ****Started Home page title test ****
01/20/2022 10:19:57 AM: INFO: ****Opening URL****
01/20/2022 10:21:42 AM: INFO: *************** Test_001_Login *****************
01/20/2022 10:21:42 AM: INFO: ****Started Home page title test ****
01/20/2022 10:21:42 AM: INFO: ****Opening URL****
01/20/2022 10:34:04 AM: INFO: *************** Test_001_Login *****************
01/20/2022 10:34:04 AM: INFO: ****Started Home page title test ****
01/20/2022 10:34:04 AM: INFO: ****Opening URL****
01/20/2022 10:40:06 AM: INFO: *************** Test_001_Login *****************
01/20/2022 10:40:06 AM: INFO: ****Started Home page title test ****
01/20/2022 10:40:06 AM: INFO: ****Opening URL****
01/20/2022 10:43:16 AM: INFO: *************** Test_001_Login *****************
01/20/2022 10:43:16 AM: INFO: ****Started Home page title test ****
01/20/2022 10:43:16 AM: INFO: ****Opening URL****
01/20/2022 10:55:06 AM: INFO: *************** Test_001_Login *****************
01/20/2022 10:55:06 AM: INFO: ****Started Home page title test ****
01/20/2022 10:55:06 AM: INFO: ****Opening URL****
01/20/2022 10:56:07 AM: INFO: *************** Test_001_Login *****************
01/20/2022 10:56:07 AM: INFO: ****Started Home page title test ****
01/20/2022 10:56:07 AM: INFO: ****Opening URL****
01/20/2022 12:37:33 PM: INFO: *************** Test_001_Login *****************
01/20/2022 12:37:33 PM: INFO: ****Started Home page title test ****
01/20/2022 12:37:33 PM: INFO: ****Opening URL****
01/20/2022 12:37:40 PM: INFO: **** Home page title test passed ****
01/20/2022 12:37:41 PM: INFO: ****Started Login Test****
01/20/2022 01:25:44 PM: INFO: *************** Test_001_Login *****************
01/20/2022 01:25:44 PM: INFO: ****Started Home page title test ****
01/20/2022 01:25:44 PM: INFO: ****Opening URL****
01/20/2022 01:25:48 PM: INFO: **** Home page title test passed ****
01/20/2022 01:25:50 PM: INFO: ****Started Login Test****
01/21/2022 09:06:57 PM: INFO: *************** Test_001_Login *****************
01/21/2022 09:06:57 PM: INFO: ****Started Home page title test ****
01/21/2022 09:06:57 PM: INFO: ****Opening URL****
01/21/2022 09:06:57 PM: INFO: ****Started Login Test****
01/22/2022 01:14:38 PM: INFO: *************** Test_001_Login *****************
01/22/2022 01:14:38 PM: INFO: ****Started Home page title test ****
01/22/2022 01:14:38 PM: INFO: ****Opening URL****
01/22/2022 01:14:42 PM: INFO: **** Home page title test passed ****
01/22/2022 01:14:47 PM: INFO: ****Started Login Test****
01/22/2022 06:26:34 PM: INFO: *************** Test_002_Login_DDT *****************
01/22/2022 06:26:34 PM: INFO: ****Started Home page title test ****
01/22/2022 06:26:34 PM: INFO: ****Opening URL****
01/22/2022 06:26:38 PM: INFO: **** Home page title test passed ****
01/22/2022 06:26:39 PM: INFO: ****Started Login Test****
01/22/2022 06:26:49 PM: ERROR: **** failed ****
01/22/2022 06:30:13 PM: INFO: *************** Test_002_Login_DDT *****************
01/22/2022 06:30:13 PM: INFO: ****Started Home page title test ****
01/22/2022 06:30:13 PM: INFO: ****Opening URL****
01/22/2022 06:30:17 PM: INFO: **** Home page title test passed ****
01/22/2022 06:30:18 PM: INFO: ****Started Login Test****
01/22/2022 06:37:52 PM: INFO: *************** Test_002_Login_DDT *****************
01/22/2022 06:37:52 PM: INFO: ****Started Home page title test ****
01/22/2022 06:37:52 PM: INFO: ****Opening URL****
01/22/2022 06:37:56 PM: INFO: **** Home page title test passed ****
01/22/2022 06:37:57 PM: INFO: ****Started Login Test****
01/22/2022 06:38:08 PM: ERROR: **** failed ****
01/22/2022 06:40:02 PM: INFO: *************** Test_002_Login_DDT *****************
01/22/2022 06:40:02 PM: INFO: ****Started Home page title test ****
01/22/2022 06:40:02 PM: INFO: ****Opening URL****
01/22/2022 06:40:05 PM: INFO: **** Home page title test passed ****
01/22/2022 06:40:10 PM: INFO: ****Started Login Test****
01/22/2022 06:40:22 PM: INFO: ###passed_DDT##
